<?xml version="1.0" encoding="UTF-8"?>
<coverage generated="1713818794924" clover="3.2.0">
  <project timestamp="1713818794924" name="All files">
    <metrics statements="207" coveredstatements="203" conditionals="50" coveredconditionals="39" methods="118" coveredmethods="117" elements="375" coveredelements="359" complexity="0" loc="207" ncloc="207" packages="10" files="20" classes="20"/>
    <package name="src">
      <metrics statements="9" coveredstatements="9" conditionals="0" coveredconditionals="0" methods="7" coveredmethods="7"/>
      <file name="styled.ts" path="/Users/sreeharia/Projects/appliance-dashboard/src/styled.ts">
        <metrics statements="8" coveredstatements="8" conditionals="0" coveredconditionals="0" methods="7" coveredmethods="7"/>
        <line num="3" count="2" type="stmt"/>
        <line num="5" count="58" type="stmt"/>
        <line num="6" count="58" type="stmt"/>
        <line num="7" count="58" type="stmt"/>
        <line num="8" count="58" type="stmt"/>
        <line num="16" count="58" type="stmt"/>
        <line num="17" count="58" type="stmt"/>
        <line num="18" count="58" type="stmt"/>
      </file>
      <file name="theme.ts" path="/Users/sreeharia/Projects/appliance-dashboard/src/theme.ts">
        <metrics statements="1" coveredstatements="1" conditionals="0" coveredconditionals="0" methods="0" coveredmethods="0"/>
        <line num="1" count="8" type="stmt"/>
      </file>
    </package>
    <package name="src.components.BreadCrumbs">
      <metrics statements="14" coveredstatements="14" conditionals="2" coveredconditionals="2" methods="8" coveredmethods="8"/>
      <file name="BreadCrumbs.tsx" path="/Users/sreeharia/Projects/appliance-dashboard/src/components/BreadCrumbs/BreadCrumbs.tsx">
        <metrics statements="3" coveredstatements="3" conditionals="2" coveredconditionals="2" methods="2" coveredmethods="2"/>
        <line num="12" count="1" type="stmt"/>
        <line num="13" count="3" type="stmt"/>
        <line num="19" count="12" type="stmt"/>
      </file>
      <file name="constants.ts" path="/Users/sreeharia/Projects/appliance-dashboard/src/components/BreadCrumbs/constants.ts">
        <metrics statements="1" coveredstatements="1" conditionals="0" coveredconditionals="0" methods="0" coveredmethods="0"/>
        <line num="1" count="1" type="stmt"/>
      </file>
      <file name="styled.ts" path="/Users/sreeharia/Projects/appliance-dashboard/src/components/BreadCrumbs/styled.ts">
        <metrics statements="10" coveredstatements="10" conditionals="0" coveredconditionals="0" methods="6" coveredmethods="6"/>
        <line num="3" count="1" type="stmt"/>
        <line num="4" count="3" type="stmt"/>
        <line num="9" count="3" type="stmt"/>
        <line num="11" count="3" type="stmt"/>
        <line num="15" count="1" type="stmt"/>
        <line num="16" count="12" type="stmt"/>
        <line num="21" count="1" type="stmt"/>
        <line num="25" count="1" type="stmt"/>
        <line num="27" count="9" type="stmt"/>
        <line num="28" count="9" type="stmt"/>
      </file>
    </package>
    <package name="src.components.FieldValue">
      <metrics statements="13" coveredstatements="13" conditionals="7" coveredconditionals="7" methods="7" coveredmethods="7"/>
      <file name="FieldValue.tsx" path="/Users/sreeharia/Projects/appliance-dashboard/src/components/FieldValue/FieldValue.tsx">
        <metrics statements="4" coveredstatements="4" conditionals="7" coveredconditionals="7" methods="1" coveredmethods="1"/>
        <line num="4" count="2" type="stmt"/>
        <line num="9" count="2" type="cond" truecount="1" falsecount="0"/>
        <line num="10" count="125" type="cond" truecount="2" falsecount="0"/>
        <line num="11" count="125" type="stmt"/>
      </file>
      <file name="styled.ts" path="/Users/sreeharia/Projects/appliance-dashboard/src/components/FieldValue/styled.ts">
        <metrics statements="9" coveredstatements="9" conditionals="0" coveredconditionals="0" methods="6" coveredmethods="6"/>
        <line num="3" count="2" type="stmt"/>
        <line num="4" count="125" type="stmt"/>
        <line num="8" count="2" type="stmt"/>
        <line num="9" count="123" type="stmt"/>
        <line num="10" count="123" type="stmt"/>
        <line num="13" count="2" type="stmt"/>
        <line num="14" count="123" type="stmt"/>
        <line num="15" count="123" type="stmt"/>
        <line num="16" count="123" type="stmt"/>
      </file>
    </package>
    <package name="src.components.LocationView">
      <metrics statements="7" coveredstatements="7" conditionals="2" coveredconditionals="1" methods="3" coveredmethods="3"/>
      <file name="locationView.tsx" path="/Users/sreeharia/Projects/appliance-dashboard/src/components/LocationView/locationView.tsx">
        <metrics statements="4" coveredstatements="4" conditionals="2" coveredconditionals="1" methods="1" coveredmethods="1"/>
        <line num="5" count="1" type="stmt"/>
        <line num="11" count="4" type="cond" truecount="1" falsecount="1"/>
        <line num="12" count="4" type="stmt"/>
        <line num="13" count="4" type="stmt"/>
      </file>
      <file name="styled.ts" path="/Users/sreeharia/Projects/appliance-dashboard/src/components/LocationView/styled.ts">
        <metrics statements="3" coveredstatements="3" conditionals="0" coveredconditionals="0" methods="2" coveredmethods="2"/>
        <line num="3" count="1" type="stmt"/>
        <line num="4" count="4" type="stmt"/>
        <line num="5" count="4" type="stmt"/>
      </file>
    </package>
    <package name="src.components.StatusText">
      <metrics statements="10" coveredstatements="10" conditionals="0" coveredconditionals="0" methods="6" coveredmethods="6"/>
      <file name="statusText.tsx" path="/Users/sreeharia/Projects/appliance-dashboard/src/components/StatusText/statusText.tsx">
        <metrics statements="2" coveredstatements="2" conditionals="0" coveredconditionals="0" methods="1" coveredmethods="1"/>
        <line num="4" count="1" type="stmt"/>
        <line num="10" count="4" type="stmt"/>
      </file>
      <file name="styled.ts" path="/Users/sreeharia/Projects/appliance-dashboard/src/components/StatusText/styled.ts">
        <metrics statements="8" coveredstatements="8" conditionals="0" coveredconditionals="0" methods="5" coveredmethods="5"/>
        <line num="3" count="1" type="stmt"/>
        <line num="9" count="1" type="stmt"/>
        <line num="10" count="4" type="stmt"/>
        <line num="13" count="4" type="stmt"/>
        <line num="14" count="4" type="stmt"/>
        <line num="17" count="1" type="stmt"/>
        <line num="18" count="4" type="stmt"/>
        <line num="19" count="4" type="stmt"/>
      </file>
    </package>
    <package name="src.components.Table">
      <metrics statements="70" coveredstatements="66" conditionals="18" coveredconditionals="12" methods="42" coveredmethods="41"/>
      <file name="config.ts" path="/Users/sreeharia/Projects/appliance-dashboard/src/components/Table/config.ts">
        <metrics statements="1" coveredstatements="1" conditionals="0" coveredconditionals="0" methods="0" coveredmethods="0"/>
        <line num="1" count="1" type="stmt"/>
      </file>
      <file name="index.tsx" path="/Users/sreeharia/Projects/appliance-dashboard/src/components/Table/index.tsx">
        <metrics statements="31" coveredstatements="27" conditionals="12" coveredconditionals="6" methods="15" coveredmethods="14"/>
        <line num="32" count="1" type="stmt"/>
        <line num="50" count="10" type="stmt"/>
        <line num="51" count="10" type="stmt"/>
        <line num="53" count="10" type="stmt"/>
        <line num="67" count="10" type="stmt"/>
        <line num="68" count="10" type="stmt"/>
        <line num="70" count="10" type="stmt"/>
        <line num="71" count="10" type="stmt"/>
        <line num="72" count="10" type="stmt"/>
        <line num="73" count="10" type="cond" truecount="1" falsecount="1"/>
        <line num="74" count="10" type="stmt"/>
        <line num="75" count="10" type="stmt"/>
        <line num="76" count="0" type="cond" truecount="0" falsecount="2"/>
        <line num="77" count="0" type="stmt"/>
        <line num="78" count="0" type="stmt"/>
        <line num="80" count="10" type="stmt"/>
        <line num="82" count="18" type="stmt"/>
        <line num="86" count="10" type="stmt"/>
        <line num="87" count="10" type="stmt"/>
        <line num="90" count="10" type="stmt"/>
        <line num="106" count="1" type="stmt"/>
        <line num="125" count="1" type="stmt"/>
        <line num="132" count="50" type="stmt"/>
        <line num="138" count="0" type="stmt"/>
        <line num="146" count="18" type="stmt"/>
        <line num="149" count="1" type="stmt"/>
        <line num="156" count="1" type="stmt"/>
        <line num="168" count="10" type="stmt"/>
        <line num="170" count="30" type="stmt"/>
        <line num="195" count="101" type="stmt"/>
        <line num="198" count="303" type="stmt"/>
      </file>
      <file name="styled.ts" path="/Users/sreeharia/Projects/appliance-dashboard/src/components/Table/styled.ts">
        <metrics statements="38" coveredstatements="38" conditionals="6" coveredconditionals="6" methods="27" coveredmethods="27"/>
        <line num="6" count="1" type="stmt"/>
        <line num="8" count="10" type="stmt"/>
        <line num="9" count="10" type="stmt"/>
        <line num="13" count="10" type="stmt"/>
        <line num="16" count="1" type="stmt"/>
        <line num="21" count="40" type="stmt"/>
        <line num="22" count="40" type="stmt"/>
        <line num="23" count="40" type="stmt"/>
        <line num="24" count="40" type="stmt"/>
        <line num="25" count="40" type="stmt"/>
        <line num="28" count="1" type="stmt"/>
        <line num="29" count="303" type="stmt"/>
        <line num="30" count="303" type="stmt"/>
        <line num="31" count="303" type="stmt"/>
        <line num="35" count="1" type="stmt"/>
        <line num="38" count="10" type="stmt"/>
        <line num="41" count="1" type="stmt"/>
        <line num="42" count="10" type="stmt"/>
        <line num="43" count="10" type="stmt"/>
        <line num="44" count="10" type="stmt"/>
        <line num="50" count="10" type="stmt"/>
        <line num="51" count="10" type="stmt"/>
        <line num="56" count="1" type="stmt"/>
        <line num="57" count="10" type="stmt"/>
        <line num="60" count="1" type="stmt"/>
        <line num="67" count="1" type="stmt"/>
        <line num="70" count="38" type="cond" truecount="2" falsecount="0"/>
        <line num="71" count="38" type="cond" truecount="2" falsecount="0"/>
        <line num="72" count="38" type="cond" truecount="2" falsecount="0"/>
        <line num="75" count="38" type="stmt"/>
        <line num="79" count="1" type="stmt"/>
        <line num="85" count="1" type="stmt"/>
        <line num="91" count="1" type="stmt"/>
        <line num="96" count="10" type="stmt"/>
        <line num="98" count="10" type="stmt"/>
        <line num="99" count="10" type="stmt"/>
        <line num="100" count="10" type="stmt"/>
        <line num="102" count="10" type="stmt"/>
      </file>
    </package>
    <package name="src.constants">
      <metrics statements="5" coveredstatements="5" conditionals="0" coveredconditionals="0" methods="0" coveredmethods="0"/>
      <file name="appConstants.ts" path="/Users/sreeharia/Projects/appliance-dashboard/src/constants/appConstants.ts">
        <metrics statements="5" coveredstatements="5" conditionals="0" coveredconditionals="0" methods="0" coveredmethods="0"/>
        <line num="21" count="2" type="stmt"/>
        <line num="36" count="2" type="stmt"/>
        <line num="63" count="2" type="stmt"/>
        <line num="69" count="2" type="stmt"/>
        <line num="83" count="2" type="stmt"/>
      </file>
    </package>
    <package name="src.pages.DeviceInfo">
      <metrics statements="52" coveredstatements="52" conditionals="4" coveredconditionals="3" methods="37" coveredmethods="37"/>
      <file name="config.ts" path="/Users/sreeharia/Projects/appliance-dashboard/src/pages/DeviceInfo/config.ts">
        <metrics statements="3" coveredstatements="3" conditionals="0" coveredconditionals="0" methods="2" coveredmethods="2"/>
        <line num="5" count="1" type="stmt"/>
        <line num="17" count="12" type="stmt"/>
        <line num="33" count="12" type="stmt"/>
      </file>
      <file name="styled.ts" path="/Users/sreeharia/Projects/appliance-dashboard/src/pages/DeviceInfo/styled.ts">
        <metrics statements="49" coveredstatements="49" conditionals="4" coveredconditionals="3" methods="35" coveredmethods="35"/>
        <line num="3" count="2" type="stmt"/>
        <line num="4" count="5" type="stmt"/>
        <line num="5" count="5" type="stmt"/>
        <line num="7" count="2" type="stmt"/>
        <line num="10" count="5" type="stmt"/>
        <line num="12" count="2" type="stmt"/>
        <line num="13" count="5" type="stmt"/>
        <line num="14" count="5" type="stmt"/>
        <line num="15" count="5" type="stmt"/>
        <line num="18" count="2" type="stmt"/>
        <line num="20" count="10" type="cond" truecount="2" falsecount="0"/>
        <line num="21" count="10" type="cond" truecount="1" falsecount="1"/>
        <line num="24" count="2" type="stmt"/>
        <line num="26" count="5" type="stmt"/>
        <line num="27" count="5" type="stmt"/>
        <line num="28" count="5" type="stmt"/>
        <line num="31" count="2" type="stmt"/>
        <line num="32" count="5" type="stmt"/>
        <line num="33" count="5" type="stmt"/>
        <line num="34" count="5" type="stmt"/>
        <line num="37" count="2" type="stmt"/>
        <line num="39" count="10" type="stmt"/>
        <line num="40" count="10" type="stmt"/>
        <line num="43" count="10" type="stmt"/>
        <line num="44" count="10" type="stmt"/>
        <line num="48" count="2" type="stmt"/>
        <line num="49" count="5" type="stmt"/>
        <line num="52" count="5" type="stmt"/>
        <line num="53" count="5" type="stmt"/>
        <line num="56" count="2" type="stmt"/>
        <line num="57" count="5" type="stmt"/>
        <line num="60" count="2" type="stmt"/>
        <line num="61" count="5" type="stmt"/>
        <line num="62" count="5" type="stmt"/>
        <line num="67" count="2" type="stmt"/>
        <line num="68" count="5" type="stmt"/>
        <line num="72" count="2" type="stmt"/>
        <line num="79" count="2" type="stmt"/>
        <line num="80" count="15" type="stmt"/>
        <line num="81" count="15" type="stmt"/>
        <line num="82" count="15" type="stmt"/>
        <line num="83" count="15" type="stmt"/>
        <line num="84" count="15" type="stmt"/>
        <line num="87" count="2" type="stmt"/>
        <line num="90" count="11" type="stmt"/>
        <line num="91" count="11" type="stmt"/>
        <line num="92" count="11" type="stmt"/>
        <line num="93" count="11" type="stmt"/>
        <line num="94" count="11" type="stmt"/>
      </file>
    </package>
    <package name="src.pages.DeviceInfo.components">
      <metrics statements="10" coveredstatements="10" conditionals="7" coveredconditionals="5" methods="3" coveredmethods="3"/>
      <file name="DeviceDetails.tsx" path="/Users/sreeharia/Projects/appliance-dashboard/src/pages/DeviceInfo/components/DeviceDetails.tsx">
        <metrics statements="6" coveredstatements="6" conditionals="5" coveredconditionals="3" methods="1" coveredmethods="1"/>
        <line num="24" count="1" type="stmt"/>
        <line num="32" count="1" type="stmt"/>
        <line num="34" count="5" type="cond" truecount="1" falsecount="1"/>
        <line num="36" count="5" type="stmt"/>
        <line num="38" count="5" type="cond" truecount="2" falsecount="1"/>
        <line num="43" count="5" type="stmt"/>
      </file>
      <file name="DeviceMonitoring.tsx" path="/Users/sreeharia/Projects/appliance-dashboard/src/pages/DeviceInfo/components/DeviceMonitoring.tsx">
        <metrics statements="4" coveredstatements="4" conditionals="2" coveredconditionals="2" methods="2" coveredmethods="2"/>
        <line num="7" count="1" type="stmt"/>
        <line num="8" count="11" type="stmt"/>
        <line num="11" count="121" type="cond" truecount="2" falsecount="0"/>
        <line num="14" count="121" type="stmt"/>
      </file>
    </package>
    <package name="src.utils">
      <metrics statements="17" coveredstatements="17" conditionals="10" coveredconditionals="9" methods="5" coveredmethods="5"/>
      <file name="index.tsx" path="/Users/sreeharia/Projects/appliance-dashboard/src/utils/index.tsx">
        <metrics statements="17" coveredstatements="17" conditionals="10" coveredconditionals="9" methods="5" coveredmethods="5"/>
        <line num="8" count="8" type="stmt"/>
        <line num="9" count="23" type="cond" truecount="2" falsecount="0"/>
        <line num="10" count="23" type="cond" truecount="4" falsecount="0"/>
        <line num="15" count="8" type="stmt"/>
        <line num="16" count="13" type="stmt"/>
        <line num="17" count="13" type="stmt"/>
        <line num="21" count="13" type="stmt"/>
        <line num="24" count="8" type="stmt"/>
        <line num="25" count="2" type="stmt"/>
        <line num="26" count="2" type="stmt"/>
        <line num="27" count="2" type="stmt"/>
        <line num="28" count="3" type="cond" truecount="1" falsecount="1"/>
        <line num="29" count="3" type="stmt"/>
        <line num="31" count="3" type="stmt"/>
        <line num="33" count="2" type="stmt"/>
        <line num="37" count="8" type="stmt"/>
        <line num="38" count="38" type="stmt"/>
      </file>
    </package>
  </project>
</coverage>
