{"/Users/sreeharia/Projects/appliance-dashboard/src/styled.ts": {"path":"/Users/sreeharia/Projects/appliance-dashboard/src/styled.ts","statementMap":{"0":{"start":{"line":3,"column":26},"end":{"line":22,"column":1}},"1":{"start":{"line":5,"column":26},"end":{"line":5,"column":67}},"2":{"start":{"line":6,"column":28},"end":{"line":6,"column":55}},"3":{"start":{"line":7,"column":25},"end":{"line":7,"column":48}},"4":{"start":{"line":8,"column":20},"end":{"line":8,"column":50}},"5":{"start":{"line":16,"column":26},"end":{"line":16,"column":51}},"6":{"start":{"line":17,"column":24},"end":{"line":17,"column":47}},"7":{"start":{"line":18,"column":26},"end":{"line":18,"column":53}}},"fnMap":{"0":{"name":"(anonymous_0)","decl":{"start":{"line":5,"column":13},"end":{"line":5,"column":14}},"loc":{"start":{"line":5,"column":26},"end":{"line":5,"column":67}},"line":5},"1":{"name":"(anonymous_1)","decl":{"start":{"line":6,"column":19},"end":{"line":6,"column":20}},"loc":{"start":{"line":6,"column":28},"end":{"line":6,"column":55}},"line":6},"2":{"name":"(anonymous_2)","decl":{"start":{"line":7,"column":16},"end":{"line":7,"column":17}},"loc":{"start":{"line":7,"column":25},"end":{"line":7,"column":48}},"line":7},"3":{"name":"(anonymous_3)","decl":{"start":{"line":8,"column":11},"end":{"line":8,"column":12}},"loc":{"start":{"line":8,"column":20},"end":{"line":8,"column":50}},"line":8},"4":{"name":"(anonymous_4)","decl":{"start":{"line":16,"column":17},"end":{"line":16,"column":18}},"loc":{"start":{"line":16,"column":26},"end":{"line":16,"column":51}},"line":16},"5":{"name":"(anonymous_5)","decl":{"start":{"line":17,"column":15},"end":{"line":17,"column":16}},"loc":{"start":{"line":17,"column":24},"end":{"line":17,"column":47}},"line":17},"6":{"name":"(anonymous_6)","decl":{"start":{"line":18,"column":17},"end":{"line":18,"column":18}},"loc":{"start":{"line":18,"column":26},"end":{"line":18,"column":53}},"line":18}},"branchMap":{},"s":{"0":2,"1":58,"2":58,"3":58,"4":58,"5":58,"6":58,"7":58},"f":{"0":58,"1":58,"2":58,"3":58,"4":58,"5":58,"6":58},"b":{},"_coverageSchema":"1a1c01bbd47fc00a2c39e90264f33305004495a9","hash":"0fbb763c82c8e7d00edecfa6e5cbdae61c23cb9c"}
,"/Users/sreeharia/Projects/appliance-dashboard/src/theme.ts": {"path":"/Users/sreeharia/Projects/appliance-dashboard/src/theme.ts","statementMap":{"0":{"start":{"line":1,"column":14},"end":{"line":74,"column":1}}},"fnMap":{},"branchMap":{},"s":{"0":8},"f":{},"b":{},"_coverageSchema":"1a1c01bbd47fc00a2c39e90264f33305004495a9","hash":"377d66c3cb2143843bd94984a3ff32445ce440b4"}
,"/Users/sreeharia/Projects/appliance-dashboard/src/components/BreadCrumbs/BreadCrumbs.tsx": {"path":"/Users/sreeharia/Projects/appliance-dashboard/src/components/BreadCrumbs/BreadCrumbs.tsx","statementMap":{"0":{"start":{"line":12,"column":19},"end":{"line":41,"column":1}},"1":{"start":{"line":13,"column":2},"end":{"line":40,"column":4}},"2":{"start":{"line":19,"column":8},"end":{"line":37,"column":25}}},"fnMap":{"0":{"name":"(anonymous_0)","decl":{"start":{"line":12,"column":19},"end":{"line":12,"column":20}},"loc":{"start":{"line":12,"column":52},"end":{"line":41,"column":1}},"line":12},"1":{"name":"(anonymous_1)","decl":{"start":{"line":18,"column":18},"end":{"line":18,"column":19}},"loc":{"start":{"line":19,"column":8},"end":{"line":37,"column":25}},"line":19}},"branchMap":{"0":{"loc":{"start":{"line":20,"column":11},"end":{"line":36,"column":11}},"type":"cond-expr","locations":[{"start":{"line":21,"column":12},"end":{"line":23,"column":29}},{"start":{"line":25,"column":12},"end":{"line":35,"column":15}}],"line":20}},"s":{"0":1,"1":3,"2":12},"f":{"0":3,"1":12},"b":{"0":[3,9]},"_coverageSchema":"1a1c01bbd47fc00a2c39e90264f33305004495a9","hash":"190971b7481ac31c8602d6bec7060ae71f5fa404"}
,"/Users/sreeharia/Projects/appliance-dashboard/src/components/BreadCrumbs/constants.ts": {"path":"/Users/sreeharia/Projects/appliance-dashboard/src/components/BreadCrumbs/constants.ts","statementMap":{"0":{"start":{"line":1,"column":23},"end":{"line":6,"column":1}}},"fnMap":{},"branchMap":{},"s":{"0":1},"f":{},"b":{},"_coverageSchema":"1a1c01bbd47fc00a2c39e90264f33305004495a9","hash":"2a9f31b3a54d70ebe790a42fa604b651fda53086"}
,"/Users/sreeharia/Projects/appliance-dashboard/src/components/BreadCrumbs/styled.ts": {"path":"/Users/sreeharia/Projects/appliance-dashboard/src/components/BreadCrumbs/styled.ts","statementMap":{"0":{"start":{"line":3,"column":35},"end":{"line":12,"column":1}},"1":{"start":{"line":4,"column":21},"end":{"line":4,"column":49}},"2":{"start":{"line":9,"column":26},"end":{"line":9,"column":70}},"3":{"start":{"line":11,"column":24},"end":{"line":11,"column":47}},"4":{"start":{"line":15,"column":30},"end":{"line":20,"column":1}},"5":{"start":{"line":16,"column":26},"end":{"line":16,"column":56}},"6":{"start":{"line":21,"column":31},"end":{"line":23,"column":1}},"7":{"start":{"line":25,"column":30},"end":{"line":35,"column":1}},"8":{"start":{"line":27,"column":20},"end":{"line":27,"column":52}},"9":{"start":{"line":28,"column":26},"end":{"line":28,"column":53}}},"fnMap":{"0":{"name":"(anonymous_0)","decl":{"start":{"line":4,"column":12},"end":{"line":4,"column":13}},"loc":{"start":{"line":4,"column":21},"end":{"line":4,"column":49}},"line":4},"1":{"name":"(anonymous_1)","decl":{"start":{"line":9,"column":13},"end":{"line":9,"column":14}},"loc":{"start":{"line":9,"column":26},"end":{"line":9,"column":70}},"line":9},"2":{"name":"(anonymous_2)","decl":{"start":{"line":11,"column":15},"end":{"line":11,"column":16}},"loc":{"start":{"line":11,"column":24},"end":{"line":11,"column":47}},"line":11},"3":{"name":"(anonymous_3)","decl":{"start":{"line":16,"column":17},"end":{"line":16,"column":18}},"loc":{"start":{"line":16,"column":26},"end":{"line":16,"column":56}},"line":16},"4":{"name":"(anonymous_4)","decl":{"start":{"line":27,"column":11},"end":{"line":27,"column":12}},"loc":{"start":{"line":27,"column":20},"end":{"line":27,"column":52}},"line":27},"5":{"name":"(anonymous_5)","decl":{"start":{"line":28,"column":17},"end":{"line":28,"column":18}},"loc":{"start":{"line":28,"column":26},"end":{"line":28,"column":53}},"line":28}},"branchMap":{},"s":{"0":1,"1":3,"2":3,"3":3,"4":1,"5":12,"6":1,"7":1,"8":9,"9":9},"f":{"0":3,"1":3,"2":3,"3":12,"4":9,"5":9},"b":{},"_coverageSchema":"1a1c01bbd47fc00a2c39e90264f33305004495a9","hash":"9adfcfab39d85e1769eb23900624b2a0c4db6847"}
,"/Users/sreeharia/Projects/appliance-dashboard/src/components/FieldValue/FieldValue.tsx": {"path":"/Users/sreeharia/Projects/appliance-dashboard/src/components/FieldValue/FieldValue.tsx","statementMap":{"0":{"start":{"line":4,"column":23},"end":{"line":7,"column":1}},"1":{"start":{"line":9,"column":21},"end":{"line":21,"column":1}},"2":{"start":{"line":10,"column":21},"end":{"line":10,"column":55}},"3":{"start":{"line":11,"column":2},"end":{"line":20,"column":4}}},"fnMap":{"0":{"name":"(anonymous_0)","decl":{"start":{"line":9,"column":21},"end":{"line":9,"column":22}},"loc":{"start":{"line":9,"column":77},"end":{"line":21,"column":1}},"line":9}},"branchMap":{"0":{"loc":{"start":{"line":9,"column":38},"end":{"line":9,"column":53}},"type":"default-arg","locations":[{"start":{"line":9,"column":51},"end":{"line":9,"column":53}}],"line":9},"1":{"loc":{"start":{"line":10,"column":21},"end":{"line":10,"column":55}},"type":"cond-expr","locations":[{"start":{"line":10,"column":34},"end":{"line":10,"column":50}},{"start":{"line":10,"column":53},"end":{"line":10,"column":55}}],"line":10},"2":{"loc":{"start":{"line":13,"column":7},"end":{"line":15,"column":7}},"type":"binary-expr","locations":[{"start":{"line":13,"column":7},"end":{"line":13,"column":12}},{"start":{"line":14,"column":8},"end":{"line":14,"column":92}}],"line":13},"3":{"loc":{"start":{"line":16,"column":7},"end":{"line":18,"column":7}},"type":"binary-expr","locations":[{"start":{"line":16,"column":7},"end":{"line":16,"column":12}},{"start":{"line":17,"column":8},"end":{"line":17,"column":92}}],"line":16}},"s":{"0":2,"1":2,"2":125,"3":125},"f":{"0":125},"b":{"0":[4],"1":[121,4],"2":[125,123],"3":[125,123]},"_coverageSchema":"1a1c01bbd47fc00a2c39e90264f33305004495a9","hash":"3e9e9eb32ec726732b9d09de7e8d92ea9223516a"}
,"/Users/sreeharia/Projects/appliance-dashboard/src/components/FieldValue/styled.ts": {"path":"/Users/sreeharia/Projects/appliance-dashboard/src/components/FieldValue/styled.ts","statementMap":{"0":{"start":{"line":3,"column":33},"end":{"line":6,"column":1}},"1":{"start":{"line":4,"column":18},"end":{"line":4,"column":48}},"2":{"start":{"line":8,"column":26},"end":{"line":11,"column":1}},"3":{"start":{"line":9,"column":22},"end":{"line":9,"column":45}},"4":{"start":{"line":10,"column":24},"end":{"line":10,"column":49}},"5":{"start":{"line":13,"column":26},"end":{"line":17,"column":1}},"6":{"start":{"line":14,"column":22},"end":{"line":14,"column":45}},"7":{"start":{"line":15,"column":24},"end":{"line":15,"column":49}},"8":{"start":{"line":16,"column":24},"end":{"line":16,"column":51}}},"fnMap":{"0":{"name":"(anonymous_0)","decl":{"start":{"line":4,"column":9},"end":{"line":4,"column":10}},"loc":{"start":{"line":4,"column":18},"end":{"line":4,"column":48}},"line":4},"1":{"name":"(anonymous_1)","decl":{"start":{"line":9,"column":13},"end":{"line":9,"column":14}},"loc":{"start":{"line":9,"column":22},"end":{"line":9,"column":45}},"line":9},"2":{"name":"(anonymous_2)","decl":{"start":{"line":10,"column":15},"end":{"line":10,"column":16}},"loc":{"start":{"line":10,"column":24},"end":{"line":10,"column":49}},"line":10},"3":{"name":"(anonymous_3)","decl":{"start":{"line":14,"column":13},"end":{"line":14,"column":14}},"loc":{"start":{"line":14,"column":22},"end":{"line":14,"column":45}},"line":14},"4":{"name":"(anonymous_4)","decl":{"start":{"line":15,"column":15},"end":{"line":15,"column":16}},"loc":{"start":{"line":15,"column":24},"end":{"line":15,"column":49}},"line":15},"5":{"name":"(anonymous_5)","decl":{"start":{"line":16,"column":15},"end":{"line":16,"column":16}},"loc":{"start":{"line":16,"column":24},"end":{"line":16,"column":51}},"line":16}},"branchMap":{},"s":{"0":2,"1":125,"2":2,"3":123,"4":123,"5":2,"6":123,"7":123,"8":123},"f":{"0":125,"1":123,"2":123,"3":123,"4":123,"5":123},"b":{},"_coverageSchema":"1a1c01bbd47fc00a2c39e90264f33305004495a9","hash":"b3351e565674d5494936e0a3bcfde142ad264e29"}
,"/Users/sreeharia/Projects/appliance-dashboard/src/components/LocationView/locationView.tsx": {"path":"/Users/sreeharia/Projects/appliance-dashboard/src/components/LocationView/locationView.tsx","statementMap":{"0":{"start":{"line":5,"column":23},"end":{"line":8,"column":1}},"1":{"start":{"line":11,"column":23},"end":{"line":11,"column":33}},"2":{"start":{"line":12,"column":23},"end":{"line":12,"column":50}},"3":{"start":{"line":13,"column":2},"end":{"line":20,"column":4}}},"fnMap":{"0":{"name":"LocationView","decl":{"start":{"line":10,"column":9},"end":{"line":10,"column":21}},"loc":{"start":{"line":10,"column":51},"end":{"line":21,"column":1}},"line":10}},"branchMap":{"0":{"loc":{"start":{"line":11,"column":23},"end":{"line":11,"column":33}},"type":"binary-expr","locations":[{"start":{"line":11,"column":23},"end":{"line":11,"column":27}},{"start":{"line":11,"column":31},"end":{"line":11,"column":33}}],"line":11}},"s":{"0":1,"1":4,"2":4,"3":4},"f":{"0":4},"b":{"0":[4,0]},"_coverageSchema":"1a1c01bbd47fc00a2c39e90264f33305004495a9","hash":"032c65438eabcad842a52314e6992ef0862628eb"}
,"/Users/sreeharia/Projects/appliance-dashboard/src/components/LocationView/styled.ts": {"path":"/Users/sreeharia/Projects/appliance-dashboard/src/components/LocationView/styled.ts","statementMap":{"0":{"start":{"line":3,"column":30},"end":{"line":6,"column":1}},"1":{"start":{"line":4,"column":18},"end":{"line":4,"column":45}},"2":{"start":{"line":5,"column":22},"end":{"line":5,"column":45}}},"fnMap":{"0":{"name":"(anonymous_0)","decl":{"start":{"line":4,"column":9},"end":{"line":4,"column":10}},"loc":{"start":{"line":4,"column":18},"end":{"line":4,"column":45}},"line":4},"1":{"name":"(anonymous_1)","decl":{"start":{"line":5,"column":13},"end":{"line":5,"column":14}},"loc":{"start":{"line":5,"column":22},"end":{"line":5,"column":45}},"line":5}},"branchMap":{},"s":{"0":1,"1":4,"2":4},"f":{"0":4,"1":4},"b":{},"_coverageSchema":"1a1c01bbd47fc00a2c39e90264f33305004495a9","hash":"c9ee79a83f15679f5b8cb893e4722ac35fab68b6"}
,"/Users/sreeharia/Projects/appliance-dashboard/src/components/StatusText/statusText.tsx": {"path":"/Users/sreeharia/Projects/appliance-dashboard/src/components/StatusText/statusText.tsx","statementMap":{"0":{"start":{"line":4,"column":23},"end":{"line":7,"column":1}},"1":{"start":{"line":10,"column":4},"end":{"line":15,"column":5}}},"fnMap":{"0":{"name":"StatusText","decl":{"start":{"line":9,"column":9},"end":{"line":9,"column":19}},"loc":{"start":{"line":9,"column":53},"end":{"line":16,"column":1}},"line":9}},"branchMap":{},"s":{"0":1,"1":4},"f":{"0":4},"b":{},"_coverageSchema":"1a1c01bbd47fc00a2c39e90264f33305004495a9","hash":"9c1f4de6af1425db20d2d8cfd28c87e84ed60ddd"}
,"/Users/sreeharia/Projects/appliance-dashboard/src/components/StatusText/styled.ts": {"path":"/Users/sreeharia/Projects/appliance-dashboard/src/components/StatusText/styled.ts","statementMap":{"0":{"start":{"line":3,"column":31},"end":{"line":7,"column":1}},"1":{"start":{"line":9,"column":27},"end":{"line":15,"column":1}},"2":{"start":{"line":10,"column":23},"end":{"line":10,"column":36}},"3":{"start":{"line":13,"column":26},"end":{"line":13,"column":53}},"4":{"start":{"line":14,"column":25},"end":{"line":14,"column":48}},"5":{"start":{"line":17,"column":27},"end":{"line":20,"column":1}},"6":{"start":{"line":18,"column":22},"end":{"line":18,"column":45}},"7":{"start":{"line":19,"column":24},"end":{"line":19,"column":54}}},"fnMap":{"0":{"name":"(anonymous_0)","decl":{"start":{"line":10,"column":14},"end":{"line":10,"column":15}},"loc":{"start":{"line":10,"column":23},"end":{"line":10,"column":36}},"line":10},"1":{"name":"(anonymous_1)","decl":{"start":{"line":13,"column":17},"end":{"line":13,"column":18}},"loc":{"start":{"line":13,"column":26},"end":{"line":13,"column":53}},"line":13},"2":{"name":"(anonymous_2)","decl":{"start":{"line":14,"column":16},"end":{"line":14,"column":17}},"loc":{"start":{"line":14,"column":25},"end":{"line":14,"column":48}},"line":14},"3":{"name":"(anonymous_3)","decl":{"start":{"line":18,"column":13},"end":{"line":18,"column":14}},"loc":{"start":{"line":18,"column":22},"end":{"line":18,"column":45}},"line":18},"4":{"name":"(anonymous_4)","decl":{"start":{"line":19,"column":15},"end":{"line":19,"column":16}},"loc":{"start":{"line":19,"column":24},"end":{"line":19,"column":54}},"line":19}},"branchMap":{},"s":{"0":1,"1":1,"2":4,"3":4,"4":4,"5":1,"6":4,"7":4},"f":{"0":4,"1":4,"2":4,"3":4,"4":4},"b":{},"_coverageSchema":"1a1c01bbd47fc00a2c39e90264f33305004495a9","hash":"413eea0da845e5e4c7cced83f503243b8dafd920"}
,"/Users/sreeharia/Projects/appliance-dashboard/src/components/Table/config.ts": {"path":"/Users/sreeharia/Projects/appliance-dashboard/src/components/Table/config.ts","statementMap":{"0":{"start":{"line":1,"column":29},"end":{"line":7,"column":1}}},"fnMap":{},"branchMap":{},"s":{"0":1},"f":{},"b":{},"_coverageSchema":"1a1c01bbd47fc00a2c39e90264f33305004495a9","hash":"175e087e1bc0304b8a892d553c53588442ba9162"}
,"/Users/sreeharia/Projects/appliance-dashboard/src/components/Table/index.tsx": {"path":"/Users/sreeharia/Projects/appliance-dashboard/src/components/Table/index.tsx","statementMap":{"0":{"start":{"line":32,"column":23},"end":{"line":41,"column":1}},"1":{"start":{"line":50,"column":38},"end":{"line":50,"column":79}},"2":{"start":{"line":51,"column":42},"end":{"line":51,"column":54}},"3":{"start":{"line":53,"column":16},"end":{"line":66,"column":4}},"4":{"start":{"line":67,"column":21},"end":{"line":67,"column":41}},"5":{"start":{"line":68,"column":22},"end":{"line":68,"column":63}},"6":{"start":{"line":70,"column":25},"end":{"line":84,"column":3}},"7":{"start":{"line":71,"column":21},"end":{"line":71,"column":36}},"8":{"start":{"line":72,"column":17},"end":{"line":72,"column":32}},"9":{"start":{"line":73,"column":4},"end":{"line":79,"column":5}},"10":{"start":{"line":74,"column":6},"end":{"line":74,"column":21}},"11":{"start":{"line":75,"column":6},"end":{"line":75,"column":41}},"12":{"start":{"line":76,"column":11},"end":{"line":79,"column":5}},"13":{"start":{"line":77,"column":6},"end":{"line":77,"column":28}},"14":{"start":{"line":78,"column":6},"end":{"line":78,"column":45}},"15":{"start":{"line":80,"column":4},"end":{"line":83,"column":6}},"16":{"start":{"line":82,"column":20},"end":{"line":82,"column":38}},"17":{"start":{"line":86,"column":22},"end":{"line":89,"column":3}},"18":{"start":{"line":87,"column":10},"end":{"line":87,"column":49}},"19":{"start":{"line":90,"column":2},"end":{"line":212,"column":4}},"20":{"start":{"line":106,"column":20},"end":{"line":108,"column":22}},"21":{"start":{"line":125,"column":20},"end":{"line":127,"column":22}},"22":{"start":{"line":132,"column":20},"end":{"line":134,"column":29}},"23":{"start":{"line":138,"column":33},"end":{"line":138,"column":53}},"24":{"start":{"line":146,"column":18},"end":{"line":153,"column":31}},"25":{"start":{"line":149,"column":35},"end":{"line":149,"column":62}},"26":{"start":{"line":156,"column":33},"end":{"line":156,"column":49}},"27":{"start":{"line":168,"column":10},"end":{"line":190,"column":15}},"28":{"start":{"line":170,"column":14},"end":{"line":188,"column":16}},"29":{"start":{"line":195,"column":10},"end":{"line":208,"column":12}},"30":{"start":{"line":198,"column":16},"end":{"line":205,"column":18}}},"fnMap":{"0":{"name":"Table","decl":{"start":{"line":43,"column":9},"end":{"line":43,"column":14}},"loc":{"start":{"line":49,"column":18},"end":{"line":213,"column":1}},"line":49},"1":{"name":"(anonymous_1)","decl":{"start":{"line":70,"column":25},"end":{"line":70,"column":26}},"loc":{"start":{"line":70,"column":70},"end":{"line":84,"column":3}},"line":70},"2":{"name":"(anonymous_2)","decl":{"start":{"line":82,"column":6},"end":{"line":82,"column":7}},"loc":{"start":{"line":82,"column":20},"end":{"line":82,"column":38}},"line":82},"3":{"name":"(anonymous_3)","decl":{"start":{"line":87,"column":4},"end":{"line":87,"column":5}},"loc":{"start":{"line":87,"column":10},"end":{"line":87,"column":49}},"line":87},"4":{"name":"(anonymous_4)","decl":{"start":{"line":105,"column":28},"end":{"line":105,"column":29}},"loc":{"start":{"line":105,"column":42},"end":{"line":109,"column":19}},"line":105},"5":{"name":"(anonymous_5)","decl":{"start":{"line":124,"column":28},"end":{"line":124,"column":29}},"loc":{"start":{"line":124,"column":42},"end":{"line":128,"column":19}},"line":124},"6":{"name":"(anonymous_6)","decl":{"start":{"line":131,"column":37},"end":{"line":131,"column":38}},"loc":{"start":{"line":132,"column":20},"end":{"line":134,"column":29}},"line":132},"7":{"name":"(anonymous_7)","decl":{"start":{"line":138,"column":27},"end":{"line":138,"column":28}},"loc":{"start":{"line":138,"column":33},"end":{"line":138,"column":53}},"line":138},"8":{"name":"(anonymous_8)","decl":{"start":{"line":145,"column":33},"end":{"line":145,"column":34}},"loc":{"start":{"line":146,"column":18},"end":{"line":153,"column":31}},"line":146},"9":{"name":"(anonymous_9)","decl":{"start":{"line":149,"column":29},"end":{"line":149,"column":30}},"loc":{"start":{"line":149,"column":35},"end":{"line":149,"column":62}},"line":149},"10":{"name":"(anonymous_10)","decl":{"start":{"line":156,"column":27},"end":{"line":156,"column":28}},"loc":{"start":{"line":156,"column":33},"end":{"line":156,"column":49}},"line":156},"11":{"name":"(anonymous_11)","decl":{"start":{"line":167,"column":37},"end":{"line":167,"column":38}},"loc":{"start":{"line":168,"column":10},"end":{"line":190,"column":15}},"line":168},"12":{"name":"(anonymous_12)","decl":{"start":{"line":169,"column":37},"end":{"line":169,"column":38}},"loc":{"start":{"line":169,"column":49},"end":{"line":189,"column":13}},"line":169},"13":{"name":"(anonymous_13)","decl":{"start":{"line":194,"column":38},"end":{"line":194,"column":39}},"loc":{"start":{"line":194,"column":47},"end":{"line":209,"column":9}},"line":194},"14":{"name":"(anonymous_14)","decl":{"start":{"line":197,"column":41},"end":{"line":197,"column":42}},"loc":{"start":{"line":197,"column":51},"end":{"line":206,"column":15}},"line":197}},"branchMap":{"0":{"loc":{"start":{"line":47,"column":14},"end":{"line":47,"column":55}},"type":"default-arg","locations":[{"start":{"line":47,"column":31},"end":{"line":47,"column":55}}],"line":47},"1":{"loc":{"start":{"line":48,"column":2},"end":{"line":48,"column":43}},"type":"default-arg","locations":[{"start":{"line":48,"column":17},"end":{"line":48,"column":43}}],"line":48},"2":{"loc":{"start":{"line":73,"column":4},"end":{"line":79,"column":5}},"type":"if","locations":[{"start":{"line":73,"column":4},"end":{"line":79,"column":5}},{"start":{"line":76,"column":11},"end":{"line":79,"column":5}}],"line":73},"3":{"loc":{"start":{"line":76,"column":11},"end":{"line":79,"column":5}},"type":"if","locations":[{"start":{"line":76,"column":11},"end":{"line":79,"column":5}},{"start":{},"end":{}}],"line":76},"4":{"loc":{"start":{"line":97,"column":21},"end":{"line":97,"column":40}},"type":"binary-expr","locations":[{"start":{"line":97,"column":21},"end":{"line":97,"column":35}},{"start":{"line":97,"column":39},"end":{"line":97,"column":40}}],"line":97},"5":{"loc":{"start":{"line":107,"column":29},"end":{"line":107,"column":73}},"type":"binary-expr","locations":[{"start":{"line":107,"column":29},"end":{"line":107,"column":67}},{"start":{"line":107,"column":71},"end":{"line":107,"column":73}}],"line":107},"6":{"loc":{"start":{"line":179,"column":19},"end":{"line":186,"column":19}},"type":"cond-expr","locations":[{"start":{"line":179,"column":42},"end":{"line":179,"column":46}},{"start":{"line":180,"column":20},"end":{"line":185,"column":26}}],"line":179}},"s":{"0":1,"1":10,"2":10,"3":10,"4":10,"5":10,"6":10,"7":10,"8":10,"9":10,"10":10,"11":10,"12":0,"13":0,"14":0,"15":10,"16":18,"17":10,"18":10,"19":10,"20":1,"21":1,"22":50,"23":0,"24":18,"25":1,"26":1,"27":10,"28":30,"29":101,"30":303},"f":{"0":10,"1":10,"2":18,"3":10,"4":1,"5":1,"6":50,"7":0,"8":18,"9":1,"10":1,"11":10,"12":30,"13":101,"14":303},"b":{"0":[10],"1":[10],"2":[10,0],"3":[0,0],"4":[10,0],"5":[1,0],"6":[0,30]},"_coverageSchema":"1a1c01bbd47fc00a2c39e90264f33305004495a9","hash":"ba84f7069acdbdf0e17ddc764eb789ca1abbdbaf"}
,"/Users/sreeharia/Projects/appliance-dashboard/src/components/Table/styled.ts": {"path":"/Users/sreeharia/Projects/appliance-dashboard/src/components/Table/styled.ts","statementMap":{"0":{"start":{"line":6,"column":27},"end":{"line":14,"column":1}},"1":{"start":{"line":8,"column":25},"end":{"line":8,"column":49}},"2":{"start":{"line":9,"column":23},"end":{"line":9,"column":35}},"3":{"start":{"line":13,"column":25},"end":{"line":13,"column":58}},"4":{"start":{"line":16,"column":31},"end":{"line":26,"column":1}},"5":{"start":{"line":21,"column":24},"end":{"line":21,"column":47}},"6":{"start":{"line":22,"column":26},"end":{"line":22,"column":51}},"7":{"start":{"line":23,"column":24},"end":{"line":23,"column":37}},"8":{"start":{"line":24,"column":30},"end":{"line":24,"column":55}},"9":{"start":{"line":25,"column":29},"end":{"line":25,"column":46}},"10":{"start":{"line":28,"column":20},"end":{"line":33,"column":1}},"11":{"start":{"line":29,"column":26},"end":{"line":29,"column":68}},"12":{"start":{"line":30,"column":24},"end":{"line":30,"column":47}},"13":{"start":{"line":31,"column":26},"end":{"line":31,"column":51}},"14":{"start":{"line":35,"column":21},"end":{"line":39,"column":1}},"15":{"start":{"line":38,"column":25},"end":{"line":38,"column":49}},"16":{"start":{"line":41,"column":34},"end":{"line":54,"column":1}},"17":{"start":{"line":42,"column":25},"end":{"line":42,"column":49}},"18":{"start":{"line":43,"column":21},"end":{"line":43,"column":46}},"19":{"start":{"line":44,"column":20},"end":{"line":44,"column":50}},"20":{"start":{"line":50,"column":26},"end":{"line":50,"column":67}},"21":{"start":{"line":51,"column":28},"end":{"line":51,"column":55}},"22":{"start":{"line":56,"column":34},"end":{"line":58,"column":1}},"23":{"start":{"line":57,"column":22},"end":{"line":57,"column":33}},"24":{"start":{"line":60,"column":33},"end":{"line":65,"column":1}},"25":{"start":{"line":67,"column":26},"end":{"line":77,"column":1}},"26":{"start":{"line":70,"column":28},"end":{"line":70,"column":89}},"27":{"start":{"line":71,"column":24},"end":{"line":71,"column":92}},"28":{"start":{"line":72,"column":23},"end":{"line":72,"column":79}},"29":{"start":{"line":75,"column":23},"end":{"line":75,"column":65}},"30":{"start":{"line":79,"column":25},"end":{"line":84,"column":1}},"31":{"start":{"line":85,"column":35},"end":{"line":89,"column":1}},"32":{"start":{"line":91,"column":27},"end":{"line":106,"column":1}},"33":{"start":{"line":96,"column":20},"end":{"line":96,"column":44}},"34":{"start":{"line":98,"column":21},"end":{"line":98,"column":46}},"35":{"start":{"line":99,"column":28},"end":{"line":99,"column":55}},"36":{"start":{"line":100,"column":26},"end":{"line":100,"column":67}},"37":{"start":{"line":102,"column":22},"end":{"line":102,"column":44}}},"fnMap":{"0":{"name":"(anonymous_0)","decl":{"start":{"line":8,"column":16},"end":{"line":8,"column":17}},"loc":{"start":{"line":8,"column":25},"end":{"line":8,"column":49}},"line":8},"1":{"name":"(anonymous_1)","decl":{"start":{"line":9,"column":12},"end":{"line":9,"column":13}},"loc":{"start":{"line":9,"column":23},"end":{"line":9,"column":35}},"line":9},"2":{"name":"(anonymous_2)","decl":{"start":{"line":13,"column":16},"end":{"line":13,"column":17}},"loc":{"start":{"line":13,"column":25},"end":{"line":13,"column":58}},"line":13},"3":{"name":"(anonymous_3)","decl":{"start":{"line":21,"column":15},"end":{"line":21,"column":16}},"loc":{"start":{"line":21,"column":24},"end":{"line":21,"column":47}},"line":21},"4":{"name":"(anonymous_4)","decl":{"start":{"line":22,"column":17},"end":{"line":22,"column":18}},"loc":{"start":{"line":22,"column":26},"end":{"line":22,"column":51}},"line":22},"5":{"name":"(anonymous_5)","decl":{"start":{"line":23,"column":13},"end":{"line":23,"column":14}},"loc":{"start":{"line":23,"column":24},"end":{"line":23,"column":37}},"line":23},"6":{"name":"(anonymous_6)","decl":{"start":{"line":24,"column":19},"end":{"line":24,"column":20}},"loc":{"start":{"line":24,"column":30},"end":{"line":24,"column":55}},"line":24},"7":{"name":"(anonymous_7)","decl":{"start":{"line":25,"column":18},"end":{"line":25,"column":19}},"loc":{"start":{"line":25,"column":29},"end":{"line":25,"column":46}},"line":25},"8":{"name":"(anonymous_8)","decl":{"start":{"line":29,"column":13},"end":{"line":29,"column":14}},"loc":{"start":{"line":29,"column":26},"end":{"line":29,"column":68}},"line":29},"9":{"name":"(anonymous_9)","decl":{"start":{"line":30,"column":15},"end":{"line":30,"column":16}},"loc":{"start":{"line":30,"column":24},"end":{"line":30,"column":47}},"line":30},"10":{"name":"(anonymous_10)","decl":{"start":{"line":31,"column":17},"end":{"line":31,"column":18}},"loc":{"start":{"line":31,"column":26},"end":{"line":31,"column":51}},"line":31},"11":{"name":"(anonymous_11)","decl":{"start":{"line":38,"column":16},"end":{"line":38,"column":17}},"loc":{"start":{"line":38,"column":25},"end":{"line":38,"column":49}},"line":38},"12":{"name":"(anonymous_12)","decl":{"start":{"line":42,"column":16},"end":{"line":42,"column":17}},"loc":{"start":{"line":42,"column":25},"end":{"line":42,"column":49}},"line":42},"13":{"name":"(anonymous_13)","decl":{"start":{"line":43,"column":12},"end":{"line":43,"column":13}},"loc":{"start":{"line":43,"column":21},"end":{"line":43,"column":46}},"line":43},"14":{"name":"(anonymous_14)","decl":{"start":{"line":44,"column":11},"end":{"line":44,"column":12}},"loc":{"start":{"line":44,"column":20},"end":{"line":44,"column":50}},"line":44},"15":{"name":"(anonymous_15)","decl":{"start":{"line":50,"column":13},"end":{"line":50,"column":14}},"loc":{"start":{"line":50,"column":26},"end":{"line":50,"column":67}},"line":50},"16":{"name":"(anonymous_16)","decl":{"start":{"line":51,"column":19},"end":{"line":51,"column":20}},"loc":{"start":{"line":51,"column":28},"end":{"line":51,"column":55}},"line":51},"17":{"name":"(anonymous_17)","decl":{"start":{"line":57,"column":11},"end":{"line":57,"column":12}},"loc":{"start":{"line":57,"column":22},"end":{"line":57,"column":33}},"line":57},"18":{"name":"(anonymous_18)","decl":{"start":{"line":70,"column":16},"end":{"line":70,"column":17}},"loc":{"start":{"line":70,"column":28},"end":{"line":70,"column":89}},"line":70},"19":{"name":"(anonymous_19)","decl":{"start":{"line":71,"column":12},"end":{"line":71,"column":13}},"loc":{"start":{"line":71,"column":24},"end":{"line":71,"column":92}},"line":71},"20":{"name":"(anonymous_20)","decl":{"start":{"line":72,"column":11},"end":{"line":72,"column":12}},"loc":{"start":{"line":72,"column":23},"end":{"line":72,"column":79}},"line":72},"21":{"name":"(anonymous_21)","decl":{"start":{"line":75,"column":14},"end":{"line":75,"column":15}},"loc":{"start":{"line":75,"column":23},"end":{"line":75,"column":65}},"line":75},"22":{"name":"(anonymous_22)","decl":{"start":{"line":96,"column":11},"end":{"line":96,"column":12}},"loc":{"start":{"line":96,"column":20},"end":{"line":96,"column":44}},"line":96},"23":{"name":"(anonymous_23)","decl":{"start":{"line":98,"column":12},"end":{"line":98,"column":13}},"loc":{"start":{"line":98,"column":21},"end":{"line":98,"column":46}},"line":98},"24":{"name":"(anonymous_24)","decl":{"start":{"line":99,"column":19},"end":{"line":99,"column":20}},"loc":{"start":{"line":99,"column":28},"end":{"line":99,"column":55}},"line":99},"25":{"name":"(anonymous_25)","decl":{"start":{"line":100,"column":13},"end":{"line":100,"column":14}},"loc":{"start":{"line":100,"column":26},"end":{"line":100,"column":67}},"line":100},"26":{"name":"(anonymous_26)","decl":{"start":{"line":102,"column":13},"end":{"line":102,"column":14}},"loc":{"start":{"line":102,"column":22},"end":{"line":102,"column":44}},"line":102}},"branchMap":{"0":{"loc":{"start":{"line":70,"column":28},"end":{"line":70,"column":89}},"type":"cond-expr","locations":[{"start":{"line":70,"column":45},"end":{"line":70,"column":73}},{"start":{"line":70,"column":76},"end":{"line":70,"column":89}}],"line":70},"1":{"loc":{"start":{"line":71,"column":24},"end":{"line":71,"column":92}},"type":"cond-expr","locations":[{"start":{"line":71,"column":41},"end":{"line":71,"column":83}},{"start":{"line":71,"column":86},"end":{"line":71,"column":92}}],"line":71},"2":{"loc":{"start":{"line":72,"column":23},"end":{"line":72,"column":79}},"type":"cond-expr","locations":[{"start":{"line":72,"column":40},"end":{"line":72,"column":67}},{"start":{"line":72,"column":70},"end":{"line":72,"column":79}}],"line":72}},"s":{"0":1,"1":10,"2":10,"3":10,"4":1,"5":40,"6":40,"7":40,"8":40,"9":40,"10":1,"11":303,"12":303,"13":303,"14":1,"15":10,"16":1,"17":10,"18":10,"19":10,"20":10,"21":10,"22":1,"23":10,"24":1,"25":1,"26":38,"27":38,"28":38,"29":38,"30":1,"31":1,"32":1,"33":10,"34":10,"35":10,"36":10,"37":10},"f":{"0":10,"1":10,"2":10,"3":40,"4":40,"5":40,"6":40,"7":40,"8":303,"9":303,"10":303,"11":10,"12":10,"13":10,"14":10,"15":10,"16":10,"17":10,"18":38,"19":38,"20":38,"21":38,"22":10,"23":10,"24":10,"25":10,"26":10},"b":{"0":[10,28],"1":[10,28],"2":[10,28]},"_coverageSchema":"1a1c01bbd47fc00a2c39e90264f33305004495a9","hash":"5c1d0ccf1a57146e167762156ec8862954c85aee"}
,"/Users/sreeharia/Projects/appliance-dashboard/src/constants/appConstants.ts": {"path":"/Users/sreeharia/Projects/appliance-dashboard/src/constants/appConstants.ts","statementMap":{"0":{"start":{"line":21,"column":34},"end":{"line":34,"column":1}},"1":{"start":{"line":36,"column":36},"end":{"line":61,"column":1}},"2":{"start":{"line":63,"column":31},"end":{"line":67,"column":1}},"3":{"start":{"line":69,"column":22},"end":{"line":81,"column":1}},"4":{"start":{"line":83,"column":25},"end":{"line":86,"column":1}}},"fnMap":{},"branchMap":{},"s":{"0":2,"1":2,"2":2,"3":2,"4":2},"f":{},"b":{},"_coverageSchema":"1a1c01bbd47fc00a2c39e90264f33305004495a9","hash":"b20e48b123d85c70a506999f9e63a3e40b246ba8"}
,"/Users/sreeharia/Projects/appliance-dashboard/src/pages/DeviceInfo/config.ts": {"path":"/Users/sreeharia/Projects/appliance-dashboard/src/pages/DeviceInfo/config.ts","statementMap":{"0":{"start":{"line":5,"column":32},"end":{"line":51,"column":1}},"1":{"start":{"line":17,"column":48},"end":{"line":17,"column":82}},"2":{"start":{"line":33,"column":41},"end":{"line":33,"column":76}}},"fnMap":{"0":{"name":"(anonymous_0)","decl":{"start":{"line":17,"column":18},"end":{"line":17,"column":19}},"loc":{"start":{"line":17,"column":48},"end":{"line":17,"column":82}},"line":17},"1":{"name":"(anonymous_1)","decl":{"start":{"line":33,"column":18},"end":{"line":33,"column":19}},"loc":{"start":{"line":33,"column":41},"end":{"line":33,"column":76}},"line":33}},"branchMap":{},"s":{"0":1,"1":12,"2":12},"f":{"0":12,"1":12},"b":{},"_coverageSchema":"1a1c01bbd47fc00a2c39e90264f33305004495a9","hash":"bcab139300c99a75463f1c395105c4c0ed6c9f52"}
,"/Users/sreeharia/Projects/appliance-dashboard/src/pages/DeviceInfo/styled.ts": {"path":"/Users/sreeharia/Projects/appliance-dashboard/src/pages/DeviceInfo/styled.ts","statementMap":{"0":{"start":{"line":3,"column":26},"end":{"line":6,"column":1}},"1":{"start":{"line":4,"column":24},"end":{"line":4,"column":70}},"2":{"start":{"line":5,"column":27},"end":{"line":5,"column":45}},"3":{"start":{"line":7,"column":35},"end":{"line":11,"column":1}},"4":{"start":{"line":10,"column":19},"end":{"line":10,"column":47}},"5":{"start":{"line":12,"column":26},"end":{"line":16,"column":1}},"6":{"start":{"line":13,"column":22},"end":{"line":13,"column":46}},"7":{"start":{"line":14,"column":24},"end":{"line":14,"column":51}},"8":{"start":{"line":15,"column":24},"end":{"line":15,"column":54}},"9":{"start":{"line":18,"column":31},"end":{"line":22,"column":1}},"10":{"start":{"line":20,"column":16},"end":{"line":20,"column":35}},"11":{"start":{"line":21,"column":19},"end":{"line":21,"column":46}},"12":{"start":{"line":24,"column":27},"end":{"line":29,"column":1}},"13":{"start":{"line":26,"column":22},"end":{"line":26,"column":45}},"14":{"start":{"line":27,"column":24},"end":{"line":27,"column":49}},"15":{"start":{"line":28,"column":24},"end":{"line":28,"column":54}},"16":{"start":{"line":31,"column":35},"end":{"line":35,"column":1}},"17":{"start":{"line":32,"column":18},"end":{"line":32,"column":50}},"18":{"start":{"line":33,"column":22},"end":{"line":33,"column":45}},"19":{"start":{"line":34,"column":24},"end":{"line":34,"column":49}},"20":{"start":{"line":37,"column":19},"end":{"line":45,"column":1}},"21":{"start":{"line":39,"column":26},"end":{"line":39,"column":54}},"22":{"start":{"line":40,"column":23},"end":{"line":40,"column":46}},"23":{"start":{"line":43,"column":20},"end":{"line":43,"column":42}},"24":{"start":{"line":44,"column":22},"end":{"line":44,"column":45}},"25":{"start":{"line":48,"column":25},"end":{"line":54,"column":1}},"26":{"start":{"line":49,"column":23},"end":{"line":49,"column":36}},"27":{"start":{"line":52,"column":26},"end":{"line":52,"column":53}},"28":{"start":{"line":53,"column":25},"end":{"line":53,"column":48}},"29":{"start":{"line":56,"column":22},"end":{"line":58,"column":1}},"30":{"start":{"line":57,"column":25},"end":{"line":57,"column":48}},"31":{"start":{"line":60,"column":36},"end":{"line":65,"column":1}},"32":{"start":{"line":61,"column":31},"end":{"line":61,"column":47}},"33":{"start":{"line":62,"column":26},"end":{"line":62,"column":52}},"34":{"start":{"line":67,"column":26},"end":{"line":70,"column":1}},"35":{"start":{"line":68,"column":23},"end":{"line":68,"column":46}},"36":{"start":{"line":72,"column":23},"end":{"line":77,"column":1}},"37":{"start":{"line":79,"column":25},"end":{"line":85,"column":1}},"38":{"start":{"line":80,"column":19},"end":{"line":80,"column":70}},"39":{"start":{"line":81,"column":22},"end":{"line":81,"column":45}},"40":{"start":{"line":82,"column":24},"end":{"line":82,"column":49}},"41":{"start":{"line":83,"column":18},"end":{"line":83,"column":50}},"42":{"start":{"line":84,"column":24},"end":{"line":84,"column":51}},"43":{"start":{"line":87,"column":38},"end":{"line":96,"column":1}},"44":{"start":{"line":90,"column":23},"end":{"line":90,"column":55}},"45":{"start":{"line":91,"column":29},"end":{"line":91,"column":53}},"46":{"start":{"line":92,"column":26},"end":{"line":92,"column":53}},"47":{"start":{"line":93,"column":19},"end":{"line":93,"column":42}},"48":{"start":{"line":94,"column":20},"end":{"line":94,"column":44}}},"fnMap":{"0":{"name":"(anonymous_0)","decl":{"start":{"line":4,"column":11},"end":{"line":4,"column":12}},"loc":{"start":{"line":4,"column":24},"end":{"line":4,"column":70}},"line":4},"1":{"name":"(anonymous_1)","decl":{"start":{"line":5,"column":14},"end":{"line":5,"column":15}},"loc":{"start":{"line":5,"column":27},"end":{"line":5,"column":45}},"line":5},"2":{"name":"(anonymous_2)","decl":{"start":{"line":10,"column":10},"end":{"line":10,"column":11}},"loc":{"start":{"line":10,"column":19},"end":{"line":10,"column":47}},"line":10},"3":{"name":"(anonymous_3)","decl":{"start":{"line":13,"column":13},"end":{"line":13,"column":14}},"loc":{"start":{"line":13,"column":22},"end":{"line":13,"column":46}},"line":13},"4":{"name":"(anonymous_4)","decl":{"start":{"line":14,"column":15},"end":{"line":14,"column":16}},"loc":{"start":{"line":14,"column":24},"end":{"line":14,"column":51}},"line":14},"5":{"name":"(anonymous_5)","decl":{"start":{"line":15,"column":15},"end":{"line":15,"column":16}},"loc":{"start":{"line":15,"column":24},"end":{"line":15,"column":54}},"line":15},"6":{"name":"(anonymous_6)","decl":{"start":{"line":20,"column":7},"end":{"line":20,"column":8}},"loc":{"start":{"line":20,"column":16},"end":{"line":20,"column":35}},"line":20},"7":{"name":"(anonymous_7)","decl":{"start":{"line":21,"column":10},"end":{"line":21,"column":11}},"loc":{"start":{"line":21,"column":19},"end":{"line":21,"column":46}},"line":21},"8":{"name":"(anonymous_8)","decl":{"start":{"line":26,"column":13},"end":{"line":26,"column":14}},"loc":{"start":{"line":26,"column":22},"end":{"line":26,"column":45}},"line":26},"9":{"name":"(anonymous_9)","decl":{"start":{"line":27,"column":15},"end":{"line":27,"column":16}},"loc":{"start":{"line":27,"column":24},"end":{"line":27,"column":49}},"line":27},"10":{"name":"(anonymous_10)","decl":{"start":{"line":28,"column":15},"end":{"line":28,"column":16}},"loc":{"start":{"line":28,"column":24},"end":{"line":28,"column":54}},"line":28},"11":{"name":"(anonymous_11)","decl":{"start":{"line":32,"column":9},"end":{"line":32,"column":10}},"loc":{"start":{"line":32,"column":18},"end":{"line":32,"column":50}},"line":32},"12":{"name":"(anonymous_12)","decl":{"start":{"line":33,"column":13},"end":{"line":33,"column":14}},"loc":{"start":{"line":33,"column":22},"end":{"line":33,"column":45}},"line":33},"13":{"name":"(anonymous_13)","decl":{"start":{"line":34,"column":15},"end":{"line":34,"column":16}},"loc":{"start":{"line":34,"column":24},"end":{"line":34,"column":49}},"line":34},"14":{"name":"(anonymous_14)","decl":{"start":{"line":39,"column":17},"end":{"line":39,"column":18}},"loc":{"start":{"line":39,"column":26},"end":{"line":39,"column":54}},"line":39},"15":{"name":"(anonymous_15)","decl":{"start":{"line":40,"column":14},"end":{"line":40,"column":15}},"loc":{"start":{"line":40,"column":23},"end":{"line":40,"column":46}},"line":40},"16":{"name":"(anonymous_16)","decl":{"start":{"line":43,"column":11},"end":{"line":43,"column":12}},"loc":{"start":{"line":43,"column":20},"end":{"line":43,"column":42}},"line":43},"17":{"name":"(anonymous_17)","decl":{"start":{"line":44,"column":13},"end":{"line":44,"column":14}},"loc":{"start":{"line":44,"column":22},"end":{"line":44,"column":45}},"line":44},"18":{"name":"(anonymous_18)","decl":{"start":{"line":49,"column":14},"end":{"line":49,"column":15}},"loc":{"start":{"line":49,"column":23},"end":{"line":49,"column":36}},"line":49},"19":{"name":"(anonymous_19)","decl":{"start":{"line":52,"column":17},"end":{"line":52,"column":18}},"loc":{"start":{"line":52,"column":26},"end":{"line":52,"column":53}},"line":52},"20":{"name":"(anonymous_20)","decl":{"start":{"line":53,"column":16},"end":{"line":53,"column":17}},"loc":{"start":{"line":53,"column":25},"end":{"line":53,"column":48}},"line":53},"21":{"name":"(anonymous_21)","decl":{"start":{"line":57,"column":16},"end":{"line":57,"column":17}},"loc":{"start":{"line":57,"column":25},"end":{"line":57,"column":48}},"line":57},"22":{"name":"(anonymous_22)","decl":{"start":{"line":61,"column":18},"end":{"line":61,"column":19}},"loc":{"start":{"line":61,"column":31},"end":{"line":61,"column":47}},"line":61},"23":{"name":"(anonymous_23)","decl":{"start":{"line":62,"column":17},"end":{"line":62,"column":18}},"loc":{"start":{"line":62,"column":26},"end":{"line":62,"column":52}},"line":62},"24":{"name":"(anonymous_24)","decl":{"start":{"line":68,"column":14},"end":{"line":68,"column":15}},"loc":{"start":{"line":68,"column":23},"end":{"line":68,"column":46}},"line":68},"25":{"name":"(anonymous_25)","decl":{"start":{"line":80,"column":10},"end":{"line":80,"column":11}},"loc":{"start":{"line":80,"column":19},"end":{"line":80,"column":70}},"line":80},"26":{"name":"(anonymous_26)","decl":{"start":{"line":81,"column":13},"end":{"line":81,"column":14}},"loc":{"start":{"line":81,"column":22},"end":{"line":81,"column":45}},"line":81},"27":{"name":"(anonymous_27)","decl":{"start":{"line":82,"column":15},"end":{"line":82,"column":16}},"loc":{"start":{"line":82,"column":24},"end":{"line":82,"column":49}},"line":82},"28":{"name":"(anonymous_28)","decl":{"start":{"line":83,"column":9},"end":{"line":83,"column":10}},"loc":{"start":{"line":83,"column":18},"end":{"line":83,"column":50}},"line":83},"29":{"name":"(anonymous_29)","decl":{"start":{"line":84,"column":15},"end":{"line":84,"column":16}},"loc":{"start":{"line":84,"column":24},"end":{"line":84,"column":51}},"line":84},"30":{"name":"(anonymous_30)","decl":{"start":{"line":90,"column":14},"end":{"line":90,"column":15}},"loc":{"start":{"line":90,"column":23},"end":{"line":90,"column":55}},"line":90},"31":{"name":"(anonymous_31)","decl":{"start":{"line":91,"column":20},"end":{"line":91,"column":21}},"loc":{"start":{"line":91,"column":29},"end":{"line":91,"column":53}},"line":91},"32":{"name":"(anonymous_32)","decl":{"start":{"line":92,"column":17},"end":{"line":92,"column":18}},"loc":{"start":{"line":92,"column":26},"end":{"line":92,"column":53}},"line":92},"33":{"name":"(anonymous_33)","decl":{"start":{"line":93,"column":10},"end":{"line":93,"column":11}},"loc":{"start":{"line":93,"column":19},"end":{"line":93,"column":42}},"line":93},"34":{"name":"(anonymous_34)","decl":{"start":{"line":94,"column":11},"end":{"line":94,"column":12}},"loc":{"start":{"line":94,"column":20},"end":{"line":94,"column":44}},"line":94}},"branchMap":{"0":{"loc":{"start":{"line":20,"column":16},"end":{"line":20,"column":35}},"type":"binary-expr","locations":[{"start":{"line":20,"column":16},"end":{"line":20,"column":25}},{"start":{"line":20,"column":29},"end":{"line":20,"column":35}}],"line":20},"1":{"loc":{"start":{"line":21,"column":19},"end":{"line":21,"column":46}},"type":"binary-expr","locations":[{"start":{"line":21,"column":19},"end":{"line":21,"column":36}},{"start":{"line":21,"column":40},"end":{"line":21,"column":46}}],"line":21}},"s":{"0":2,"1":5,"2":5,"3":2,"4":5,"5":2,"6":5,"7":5,"8":5,"9":2,"10":10,"11":10,"12":2,"13":5,"14":5,"15":5,"16":2,"17":5,"18":5,"19":5,"20":2,"21":10,"22":10,"23":10,"24":10,"25":2,"26":5,"27":5,"28":5,"29":2,"30":5,"31":2,"32":5,"33":5,"34":2,"35":5,"36":2,"37":2,"38":15,"39":15,"40":15,"41":15,"42":15,"43":2,"44":11,"45":11,"46":11,"47":11,"48":11},"f":{"0":5,"1":5,"2":5,"3":5,"4":5,"5":5,"6":10,"7":10,"8":5,"9":5,"10":5,"11":5,"12":5,"13":5,"14":10,"15":10,"16":10,"17":10,"18":5,"19":5,"20":5,"21":5,"22":5,"23":5,"24":5,"25":15,"26":15,"27":15,"28":15,"29":15,"30":11,"31":11,"32":11,"33":11,"34":11},"b":{"0":[10,5],"1":[10,0]},"_coverageSchema":"1a1c01bbd47fc00a2c39e90264f33305004495a9","hash":"98726935e4dece849cdb48d80b56500f6dc0e5dc"}
,"/Users/sreeharia/Projects/appliance-dashboard/src/pages/DeviceInfo/components/DeviceDetails.tsx": {"path":"/Users/sreeharia/Projects/appliance-dashboard/src/pages/DeviceInfo/components/DeviceDetails.tsx","statementMap":{"0":{"start":{"line":24,"column":23},"end":{"line":30,"column":1}},"1":{"start":{"line":32,"column":29},"end":{"line":88,"column":1}},"2":{"start":{"line":34,"column":4},"end":{"line":34,"column":19}},"3":{"start":{"line":36,"column":27},"end":{"line":36,"column":54}},"4":{"start":{"line":38,"column":4},"end":{"line":42,"column":32}},"5":{"start":{"line":43,"column":2},"end":{"line":87,"column":4}}},"fnMap":{"0":{"name":"(anonymous_0)","decl":{"start":{"line":32,"column":29},"end":{"line":32,"column":30}},"loc":{"start":{"line":32,"column":68},"end":{"line":88,"column":1}},"line":32}},"branchMap":{"0":{"loc":{"start":{"line":34,"column":4},"end":{"line":34,"column":19}},"type":"binary-expr","locations":[{"start":{"line":34,"column":4},"end":{"line":34,"column":13}},{"start":{"line":34,"column":17},"end":{"line":34,"column":19}}],"line":34},"1":{"loc":{"start":{"line":38,"column":4},"end":{"line":42,"column":32}},"type":"binary-expr","locations":[{"start":{"line":38,"column":5},"end":{"line":38,"column":17}},{"start":{"line":39,"column":6},"end":{"line":41,"column":7}},{"start":{"line":42,"column":6},"end":{"line":42,"column":32}}],"line":38}},"s":{"0":1,"1":1,"2":5,"3":5,"4":5,"5":5},"f":{"0":5},"b":{"0":[5,0],"1":[5,5,0]},"_coverageSchema":"1a1c01bbd47fc00a2c39e90264f33305004495a9","hash":"c7ce1db23eaa60725f0783325a7aa839f922d02f"}
,"/Users/sreeharia/Projects/appliance-dashboard/src/pages/DeviceInfo/components/DeviceMonitoring.tsx": {"path":"/Users/sreeharia/Projects/appliance-dashboard/src/pages/DeviceInfo/components/DeviceMonitoring.tsx","statementMap":{"0":{"start":{"line":7,"column":32},"end":{"line":18,"column":1}},"1":{"start":{"line":8,"column":2},"end":{"line":17,"column":4}},"2":{"start":{"line":11,"column":22},"end":{"line":13,"column":54}},"3":{"start":{"line":14,"column":8},"end":{"line":14,"column":82}}},"fnMap":{"0":{"name":"(anonymous_0)","decl":{"start":{"line":7,"column":32},"end":{"line":7,"column":33}},"loc":{"start":{"line":7,"column":74},"end":{"line":18,"column":1}},"line":7},"1":{"name":"(anonymous_1)","decl":{"start":{"line":10,"column":28},"end":{"line":10,"column":29}},"loc":{"start":{"line":10,"column":58},"end":{"line":15,"column":7}},"line":10}},"branchMap":{"0":{"loc":{"start":{"line":11,"column":22},"end":{"line":13,"column":54}},"type":"cond-expr","locations":[{"start":{"line":12,"column":12},"end":{"line":12,"column":45}},{"start":{"line":13,"column":12},"end":{"line":13,"column":54}}],"line":11}},"s":{"0":1,"1":11,"2":121,"3":121},"f":{"0":11,"1":121},"b":{"0":[22,99]},"_coverageSchema":"1a1c01bbd47fc00a2c39e90264f33305004495a9","hash":"ae167b92943fd1ec2d9ec91ecc793a251587bd45"}
,"/Users/sreeharia/Projects/appliance-dashboard/src/utils/index.tsx": {"path":"/Users/sreeharia/Projects/appliance-dashboard/src/utils/index.tsx","statementMap":{"0":{"start":{"line":8,"column":33},"end":{"line":13,"column":1}},"1":{"start":{"line":9,"column":35},"end":{"line":9,"column":49}},"2":{"start":{"line":10,"column":2},"end":{"line":12,"column":5}},"3":{"start":{"line":15,"column":29},"end":{"line":22,"column":1}},"4":{"start":{"line":16,"column":15},"end":{"line":16,"column":35}},"5":{"start":{"line":17,"column":24},"end":{"line":20,"column":4}},"6":{"start":{"line":21,"column":2},"end":{"line":21,"column":23}},"7":{"start":{"line":24,"column":28},"end":{"line":34,"column":1}},"8":{"start":{"line":25,"column":22},"end":{"line":25,"column":26}},"9":{"start":{"line":26,"column":12},"end":{"line":26,"column":13}},"10":{"start":{"line":27,"column":2},"end":{"line":32,"column":4}},"11":{"start":{"line":28,"column":4},"end":{"line":30,"column":5}},"12":{"start":{"line":29,"column":6},"end":{"line":29,"column":63}},"13":{"start":{"line":31,"column":4},"end":{"line":31,"column":13}},"14":{"start":{"line":33,"column":2},"end":{"line":33,"column":23}},"15":{"start":{"line":37,"column":28},"end":{"line":43,"column":1}},"16":{"start":{"line":38,"column":2},"end":{"line":42,"column":3}}},"fnMap":{"0":{"name":"(anonymous_0)","decl":{"start":{"line":8,"column":33},"end":{"line":8,"column":34}},"loc":{"start":{"line":8,"column":58},"end":{"line":13,"column":1}},"line":8},"1":{"name":"(anonymous_1)","decl":{"start":{"line":15,"column":29},"end":{"line":15,"column":30}},"loc":{"start":{"line":15,"column":53},"end":{"line":22,"column":1}},"line":15},"2":{"name":"(anonymous_2)","decl":{"start":{"line":24,"column":28},"end":{"line":24,"column":29}},"loc":{"start":{"line":24,"column":67},"end":{"line":34,"column":1}},"line":24},"3":{"name":"(anonymous_3)","decl":{"start":{"line":27,"column":13},"end":{"line":27,"column":14}},"loc":{"start":{"line":27,"column":22},"end":{"line":32,"column":3}},"line":27},"4":{"name":"(anonymous_4)","decl":{"start":{"line":37,"column":28},"end":{"line":37,"column":29}},"loc":{"start":{"line":37,"column":54},"end":{"line":43,"column":1}},"line":37}},"branchMap":{"0":{"loc":{"start":{"line":9,"column":35},"end":{"line":9,"column":49}},"type":"binary-expr","locations":[{"start":{"line":9,"column":35},"end":{"line":9,"column":43}},{"start":{"line":9,"column":47},"end":{"line":9,"column":49}}],"line":9},"1":{"loc":{"start":{"line":10,"column":12},"end":{"line":10,"column":35}},"type":"cond-expr","locations":[{"start":{"line":10,"column":19},"end":{"line":10,"column":30}},{"start":{"line":10,"column":33},"end":{"line":10,"column":35}}],"line":10},"2":{"loc":{"start":{"line":10,"column":38},"end":{"line":10,"column":63}},"type":"cond-expr","locations":[{"start":{"line":10,"column":46},"end":{"line":10,"column":58}},{"start":{"line":10,"column":61},"end":{"line":10,"column":63}}],"line":10},"3":{"loc":{"start":{"line":11,"column":4},"end":{"line":11,"column":31}},"type":"cond-expr","locations":[{"start":{"line":11,"column":14},"end":{"line":11,"column":26}},{"start":{"line":11,"column":29},"end":{"line":11,"column":31}}],"line":11},"4":{"loc":{"start":{"line":28,"column":4},"end":{"line":30,"column":5}},"type":"if","locations":[{"start":{"line":28,"column":4},"end":{"line":30,"column":5}},{"start":{},"end":{}}],"line":28}},"s":{"0":8,"1":23,"2":23,"3":8,"4":13,"5":13,"6":13,"7":8,"8":2,"9":2,"10":2,"11":3,"12":3,"13":3,"14":2,"15":8,"16":38},"f":{"0":23,"1":13,"2":2,"3":3,"4":38},"b":{"0":[23,2],"1":[20,3],"2":[19,4],"3":[19,4],"4":[3,0]},"_coverageSchema":"1a1c01bbd47fc00a2c39e90264f33305004495a9","hash":"630fb91283766645e79ef2541dc8b932b0d083cd"}
}
