TN:
SF:src/styled.ts
FN:5,(anonymous_0)
FN:6,(anonymous_1)
FN:7,(anonymous_2)
FN:8,(anonymous_3)
FN:16,(anonymous_4)
FN:17,(anonymous_5)
FN:18,(anonymous_6)
FNF:7
FNH:7
FNDA:58,(anonymous_0)
FNDA:58,(anonymous_1)
FNDA:58,(anonymous_2)
FNDA:58,(anonymous_3)
FNDA:58,(anonymous_4)
FNDA:58,(anonymous_5)
FNDA:58,(anonymous_6)
DA:3,2
DA:5,58
DA:6,58
DA:7,58
DA:8,58
DA:16,58
DA:17,58
DA:18,58
LF:8
LH:8
BRF:0
BRH:0
end_of_record
TN:
SF:src/theme.ts
FNF:0
FNH:0
DA:1,8
LF:1
LH:1
BRF:0
BRH:0
end_of_record
TN:
SF:src/components/BreadCrumbs/BreadCrumbs.tsx
FN:12,(anonymous_0)
FN:18,(anonymous_1)
FNF:2
FNH:2
FNDA:3,(anonymous_0)
FNDA:12,(anonymous_1)
DA:12,1
DA:13,3
DA:19,12
LF:3
LH:3
BRDA:20,0,0,3
BRDA:20,0,1,9
BRF:2
BRH:2
end_of_record
TN:
SF:src/components/BreadCrumbs/constants.ts
FNF:0
FNH:0
DA:1,1
LF:1
LH:1
BRF:0
BRH:0
end_of_record
TN:
SF:src/components/BreadCrumbs/styled.ts
FN:4,(anonymous_0)
FN:9,(anonymous_1)
FN:11,(anonymous_2)
FN:16,(anonymous_3)
FN:27,(anonymous_4)
FN:28,(anonymous_5)
FNF:6
FNH:6
FNDA:3,(anonymous_0)
FNDA:3,(anonymous_1)
FNDA:3,(anonymous_2)
FNDA:12,(anonymous_3)
FNDA:9,(anonymous_4)
FNDA:9,(anonymous_5)
DA:3,1
DA:4,3
DA:9,3
DA:11,3
DA:15,1
DA:16,12
DA:21,1
DA:25,1
DA:27,9
DA:28,9
LF:10
LH:10
BRF:0
BRH:0
end_of_record
TN:
SF:src/components/FieldValue/FieldValue.tsx
FN:9,(anonymous_0)
FNF:1
FNH:1
FNDA:125,(anonymous_0)
DA:4,2
DA:9,2
DA:10,125
DA:11,125
LF:4
LH:4
BRDA:9,0,0,4
BRDA:10,1,0,121
BRDA:10,1,1,4
BRDA:13,2,0,125
BRDA:13,2,1,123
BRDA:16,3,0,125
BRDA:16,3,1,123
BRF:7
BRH:7
end_of_record
TN:
SF:src/components/FieldValue/styled.ts
FN:4,(anonymous_0)
FN:9,(anonymous_1)
FN:10,(anonymous_2)
FN:14,(anonymous_3)
FN:15,(anonymous_4)
FN:16,(anonymous_5)
FNF:6
FNH:6
FNDA:125,(anonymous_0)
FNDA:123,(anonymous_1)
FNDA:123,(anonymous_2)
FNDA:123,(anonymous_3)
FNDA:123,(anonymous_4)
FNDA:123,(anonymous_5)
DA:3,2
DA:4,125
DA:8,2
DA:9,123
DA:10,123
DA:13,2
DA:14,123
DA:15,123
DA:16,123
LF:9
LH:9
BRF:0
BRH:0
end_of_record
TN:
SF:src/components/LocationView/locationView.tsx
FN:10,LocationView
FNF:1
FNH:1
FNDA:4,LocationView
DA:5,1
DA:11,4
DA:12,4
DA:13,4
LF:4
LH:4
BRDA:11,0,0,4
BRDA:11,0,1,0
BRF:2
BRH:1
end_of_record
TN:
SF:src/components/LocationView/styled.ts
FN:4,(anonymous_0)
FN:5,(anonymous_1)
FNF:2
FNH:2
FNDA:4,(anonymous_0)
FNDA:4,(anonymous_1)
DA:3,1
DA:4,4
DA:5,4
LF:3
LH:3
BRF:0
BRH:0
end_of_record
TN:
SF:src/components/StatusText/statusText.tsx
FN:9,StatusText
FNF:1
FNH:1
FNDA:4,StatusText
DA:4,1
DA:10,4
LF:2
LH:2
BRF:0
BRH:0
end_of_record
TN:
SF:src/components/StatusText/styled.ts
FN:10,(anonymous_0)
FN:13,(anonymous_1)
FN:14,(anonymous_2)
FN:18,(anonymous_3)
FN:19,(anonymous_4)
FNF:5
FNH:5
FNDA:4,(anonymous_0)
FNDA:4,(anonymous_1)
FNDA:4,(anonymous_2)
FNDA:4,(anonymous_3)
FNDA:4,(anonymous_4)
DA:3,1
DA:9,1
DA:10,4
DA:13,4
DA:14,4
DA:17,1
DA:18,4
DA:19,4
LF:8
LH:8
BRF:0
BRH:0
end_of_record
TN:
SF:src/components/Table/config.ts
FNF:0
FNH:0
DA:1,1
LF:1
LH:1
BRF:0
BRH:0
end_of_record
TN:
SF:src/components/Table/index.tsx
FN:43,Table
FN:70,(anonymous_1)
FN:82,(anonymous_2)
FN:87,(anonymous_3)
FN:105,(anonymous_4)
FN:124,(anonymous_5)
FN:131,(anonymous_6)
FN:138,(anonymous_7)
FN:145,(anonymous_8)
FN:149,(anonymous_9)
FN:156,(anonymous_10)
FN:167,(anonymous_11)
FN:169,(anonymous_12)
FN:194,(anonymous_13)
FN:197,(anonymous_14)
FNF:15
FNH:14
FNDA:10,Table
FNDA:10,(anonymous_1)
FNDA:18,(anonymous_2)
FNDA:10,(anonymous_3)
FNDA:1,(anonymous_4)
FNDA:1,(anonymous_5)
FNDA:50,(anonymous_6)
FNDA:0,(anonymous_7)
FNDA:18,(anonymous_8)
FNDA:1,(anonymous_9)
FNDA:1,(anonymous_10)
FNDA:10,(anonymous_11)
FNDA:30,(anonymous_12)
FNDA:101,(anonymous_13)
FNDA:303,(anonymous_14)
DA:32,1
DA:50,10
DA:51,10
DA:53,10
DA:67,10
DA:68,10
DA:70,10
DA:71,10
DA:72,10
DA:73,10
DA:74,10
DA:75,10
DA:76,0
DA:77,0
DA:78,0
DA:80,10
DA:82,18
DA:86,10
DA:87,10
DA:90,10
DA:106,1
DA:125,1
DA:132,50
DA:138,0
DA:146,18
DA:149,1
DA:156,1
DA:168,10
DA:170,30
DA:195,101
DA:198,303
LF:31
LH:27
BRDA:47,0,0,10
BRDA:48,1,0,10
BRDA:73,2,0,10
BRDA:73,2,1,0
BRDA:76,3,0,0
BRDA:76,3,1,0
BRDA:97,4,0,10
BRDA:97,4,1,0
BRDA:107,5,0,1
BRDA:107,5,1,0
BRDA:179,6,0,0
BRDA:179,6,1,30
BRF:12
BRH:6
end_of_record
TN:
SF:src/components/Table/styled.ts
FN:8,(anonymous_0)
FN:9,(anonymous_1)
FN:13,(anonymous_2)
FN:21,(anonymous_3)
FN:22,(anonymous_4)
FN:23,(anonymous_5)
FN:24,(anonymous_6)
FN:25,(anonymous_7)
FN:29,(anonymous_8)
FN:30,(anonymous_9)
FN:31,(anonymous_10)
FN:38,(anonymous_11)
FN:42,(anonymous_12)
FN:43,(anonymous_13)
FN:44,(anonymous_14)
FN:50,(anonymous_15)
FN:51,(anonymous_16)
FN:57,(anonymous_17)
FN:70,(anonymous_18)
FN:71,(anonymous_19)
FN:72,(anonymous_20)
FN:75,(anonymous_21)
FN:96,(anonymous_22)
FN:98,(anonymous_23)
FN:99,(anonymous_24)
FN:100,(anonymous_25)
FN:102,(anonymous_26)
FNF:27
FNH:27
FNDA:10,(anonymous_0)
FNDA:10,(anonymous_1)
FNDA:10,(anonymous_2)
FNDA:40,(anonymous_3)
FNDA:40,(anonymous_4)
FNDA:40,(anonymous_5)
FNDA:40,(anonymous_6)
FNDA:40,(anonymous_7)
FNDA:303,(anonymous_8)
FNDA:303,(anonymous_9)
FNDA:303,(anonymous_10)
FNDA:10,(anonymous_11)
FNDA:10,(anonymous_12)
FNDA:10,(anonymous_13)
FNDA:10,(anonymous_14)
FNDA:10,(anonymous_15)
FNDA:10,(anonymous_16)
FNDA:10,(anonymous_17)
FNDA:38,(anonymous_18)
FNDA:38,(anonymous_19)
FNDA:38,(anonymous_20)
FNDA:38,(anonymous_21)
FNDA:10,(anonymous_22)
FNDA:10,(anonymous_23)
FNDA:10,(anonymous_24)
FNDA:10,(anonymous_25)
FNDA:10,(anonymous_26)
DA:6,1
DA:8,10
DA:9,10
DA:13,10
DA:16,1
DA:21,40
DA:22,40
DA:23,40
DA:24,40
DA:25,40
DA:28,1
DA:29,303
DA:30,303
DA:31,303
DA:35,1
DA:38,10
DA:41,1
DA:42,10
DA:43,10
DA:44,10
DA:50,10
DA:51,10
DA:56,1
DA:57,10
DA:60,1
DA:67,1
DA:70,38
DA:71,38
DA:72,38
DA:75,38
DA:79,1
DA:85,1
DA:91,1
DA:96,10
DA:98,10
DA:99,10
DA:100,10
DA:102,10
LF:38
LH:38
BRDA:70,0,0,10
BRDA:70,0,1,28
BRDA:71,1,0,10
BRDA:71,1,1,28
BRDA:72,2,0,10
BRDA:72,2,1,28
BRF:6
BRH:6
end_of_record
TN:
SF:src/constants/appConstants.ts
FNF:0
FNH:0
DA:21,2
DA:36,2
DA:63,2
DA:69,2
DA:83,2
LF:5
LH:5
BRF:0
BRH:0
end_of_record
TN:
SF:src/pages/DeviceInfo/config.ts
FN:17,(anonymous_0)
FN:33,(anonymous_1)
FNF:2
FNH:2
FNDA:12,(anonymous_0)
FNDA:12,(anonymous_1)
DA:5,1
DA:17,12
DA:33,12
LF:3
LH:3
BRF:0
BRH:0
end_of_record
TN:
SF:src/pages/DeviceInfo/styled.ts
FN:4,(anonymous_0)
FN:5,(anonymous_1)
FN:10,(anonymous_2)
FN:13,(anonymous_3)
FN:14,(anonymous_4)
FN:15,(anonymous_5)
FN:20,(anonymous_6)
FN:21,(anonymous_7)
FN:26,(anonymous_8)
FN:27,(anonymous_9)
FN:28,(anonymous_10)
FN:32,(anonymous_11)
FN:33,(anonymous_12)
FN:34,(anonymous_13)
FN:39,(anonymous_14)
FN:40,(anonymous_15)
FN:43,(anonymous_16)
FN:44,(anonymous_17)
FN:49,(anonymous_18)
FN:52,(anonymous_19)
FN:53,(anonymous_20)
FN:57,(anonymous_21)
FN:61,(anonymous_22)
FN:62,(anonymous_23)
FN:68,(anonymous_24)
FN:80,(anonymous_25)
FN:81,(anonymous_26)
FN:82,(anonymous_27)
FN:83,(anonymous_28)
FN:84,(anonymous_29)
FN:90,(anonymous_30)
FN:91,(anonymous_31)
FN:92,(anonymous_32)
FN:93,(anonymous_33)
FN:94,(anonymous_34)
FNF:35
FNH:35
FNDA:5,(anonymous_0)
FNDA:5,(anonymous_1)
FNDA:5,(anonymous_2)
FNDA:5,(anonymous_3)
FNDA:5,(anonymous_4)
FNDA:5,(anonymous_5)
FNDA:10,(anonymous_6)
FNDA:10,(anonymous_7)
FNDA:5,(anonymous_8)
FNDA:5,(anonymous_9)
FNDA:5,(anonymous_10)
FNDA:5,(anonymous_11)
FNDA:5,(anonymous_12)
FNDA:5,(anonymous_13)
FNDA:10,(anonymous_14)
FNDA:10,(anonymous_15)
FNDA:10,(anonymous_16)
FNDA:10,(anonymous_17)
FNDA:5,(anonymous_18)
FNDA:5,(anonymous_19)
FNDA:5,(anonymous_20)
FNDA:5,(anonymous_21)
FNDA:5,(anonymous_22)
FNDA:5,(anonymous_23)
FNDA:5,(anonymous_24)
FNDA:15,(anonymous_25)
FNDA:15,(anonymous_26)
FNDA:15,(anonymous_27)
FNDA:15,(anonymous_28)
FNDA:15,(anonymous_29)
FNDA:11,(anonymous_30)
FNDA:11,(anonymous_31)
FNDA:11,(anonymous_32)
FNDA:11,(anonymous_33)
FNDA:11,(anonymous_34)
DA:3,2
DA:4,5
DA:5,5
DA:7,2
DA:10,5
DA:12,2
DA:13,5
DA:14,5
DA:15,5
DA:18,2
DA:20,10
DA:21,10
DA:24,2
DA:26,5
DA:27,5
DA:28,5
DA:31,2
DA:32,5
DA:33,5
DA:34,5
DA:37,2
DA:39,10
DA:40,10
DA:43,10
DA:44,10
DA:48,2
DA:49,5
DA:52,5
DA:53,5
DA:56,2
DA:57,5
DA:60,2
DA:61,5
DA:62,5
DA:67,2
DA:68,5
DA:72,2
DA:79,2
DA:80,15
DA:81,15
DA:82,15
DA:83,15
DA:84,15
DA:87,2
DA:90,11
DA:91,11
DA:92,11
DA:93,11
DA:94,11
LF:49
LH:49
BRDA:20,0,0,10
BRDA:20,0,1,5
BRDA:21,1,0,10
BRDA:21,1,1,0
BRF:4
BRH:3
end_of_record
TN:
SF:src/pages/DeviceInfo/components/DeviceDetails.tsx
FN:32,(anonymous_0)
FNF:1
FNH:1
FNDA:5,(anonymous_0)
DA:24,1
DA:32,1
DA:34,5
DA:36,5
DA:38,5
DA:43,5
LF:6
LH:6
BRDA:34,0,0,5
BRDA:34,0,1,0
BRDA:38,1,0,5
BRDA:38,1,1,5
BRDA:38,1,2,0
BRF:5
BRH:3
end_of_record
TN:
SF:src/pages/DeviceInfo/components/DeviceMonitoring.tsx
FN:7,(anonymous_0)
FN:10,(anonymous_1)
FNF:2
FNH:2
FNDA:11,(anonymous_0)
FNDA:121,(anonymous_1)
DA:7,1
DA:8,11
DA:11,121
DA:14,121
LF:4
LH:4
BRDA:11,0,0,22
BRDA:11,0,1,99
BRF:2
BRH:2
end_of_record
TN:
SF:src/utils/index.tsx
FN:8,(anonymous_0)
FN:15,(anonymous_1)
FN:24,(anonymous_2)
FN:27,(anonymous_3)
FN:37,(anonymous_4)
FNF:5
FNH:5
FNDA:23,(anonymous_0)
FNDA:13,(anonymous_1)
FNDA:2,(anonymous_2)
FNDA:3,(anonymous_3)
FNDA:38,(anonymous_4)
DA:8,8
DA:9,23
DA:10,23
DA:15,8
DA:16,13
DA:17,13
DA:21,13
DA:24,8
DA:25,2
DA:26,2
DA:27,2
DA:28,3
DA:29,3
DA:31,3
DA:33,2
DA:37,8
DA:38,38
LF:17
LH:17
BRDA:9,0,0,23
BRDA:9,0,1,2
BRDA:10,1,0,20
BRDA:10,1,1,3
BRDA:10,2,0,19
BRDA:10,2,1,4
BRDA:11,3,0,19
BRDA:11,3,1,4
BRDA:28,4,0,3
BRDA:28,4,1,0
BRF:10
BRH:9
end_of_record
